[21:20:04.854] Server listening on port 59943, PID 63136
[21:20:04.893] readProjectFiles, Found 56 files to read.
[21:20:04.911] Starting PAI Cloud Dev...
[21:20:05.914] [PAI SDK] createCloudSession response: {
  "code": 0,
  "msg": "success",
  "sandboxId": "vefaas-f0vkicge-pyw70jixna-d8okr18290l50k93s9jg-sandbox",
  "endpoint": "https://sd62opo6oqou1ckhsuo00.apigateway-cn-beijing.volceapi.com"
}
[21:20:06.161] [PAI SDK] cloudServer.start called, appId: pai-preview-trae-58758a56
[21:20:06.725] [PAI SDK] Received event: log {"content":"\n> taro_template@1.0.0 dev:h5\n> npm run build:h5 -- --watch\n\n\n> taro_template@1.0.0 build:h5\n> taro build --type h5 --watch\n\n","timestamp":1781616006823}
[21:20:07.068] [PAI SDK] Received event: log {"content":"👽 Taro v4.1.9\n\n","timestamp":1781616007167}
[21:20:08.286] [PAI SDK] Received event: log {"content":"Tips:\n1. 建议开启持久化缓存功能，能有效提升二次编译速度，详情请参考: https://docs.taro.zone/docs/config-detail#cache。\n\n\n","timestamp":1781616008385}
[21:20:09.380] [PAI SDK] Received event: log {"content":"- 即将开始启动编译，请稍等~\n","timestamp":1781616009479}
[21:20:22.491] [Preview Server] Frontend connected, clients size = 1
[21:20:24.116] [PAI SDK] Received event: log {"content":"🙅   编译失败. 6/16/2026, 9:20:24 PM\n\n","timestamp":1781616024215}
[21:20:24.118] [PAI SDK] cloudServer.start response: {
  "status": "running",
  "msg": "Cloud Server started successfully.",
  "hash": "pai-preview-trae-58758a56"
}
[21:20:24.221] [PAI SDK] Received event: compile_error [{"filename":"","lineNumber":0,"description":"ERROR in ./src/pages/recipes/index.tsx\nModule build failed (from ../../../var/cache/aipa-dev-server/prewarm/taro/a1bbf427d8f435dfb115d5256b2475a3/node_modules/.pnpm/babel-loader@8.2.1_@babel+core@7.29.0_webpack@5.78.0_@swc+core@1.3.96_postcss@8.5.14_/node_modules/babel-loader/lib/index.js):\nSyntaxError: /src/pages/recipes/index.tsx: Missing initializer in const declaration. (174:5)\n\n  172 |       late: '💡 夜班后期，注意补充营养，坚持就是胜利',\n  173 |       pre_sleep: '💡 即将下班，选择助眠食物，帮助你更好地休息',\n> 174 |     };\n      |      ^\n  175 |     return tips[activeStage];\n  176 |   };\n  177 |","timestamp":1781616024320}]
[21:36:49.598] [Preview Server] Frontend disconnected, clients size = 1
[21:36:49.783] [Preview Server] Frontend connected, clients size = 1
[21:36:49.787] Sending cached status to new connection, lastStatusMessage = {"event":"status_change","message":{"url":"https://sd62opo6oqou1ckhsuo00.apigateway-cn-beijing.volceapi.com/?faasInstanceName=vefaas-f0vkicge-pyw70jixna-d8okr18290l50k93s9jg-sandbox&hash=pai-preview-trae-58758a56","schema":"aipa://preview?type=pai&aipa_id=pai-preview-trae-58758a56&uuid=d2c33926-04e5-493f-bd97-d5bfcfe5ef36","status":"running","msg":"Cloud Server started successfully.","framework":"taro"}}
[21:36:49.787] Sending cached status to new connection, lastErrorMessage = {"event":"compile_error","message":[{"filename":"","lineNumber":0,"description":"ERROR in ./src/pages/recipes/index.tsx\nModule build failed (from ../../../var/cache/aipa-dev-server/prewarm/taro/a1bbf427d8f435dfb115d5256b2475a3/node_modules/.pnpm/babel-loader@8.2.1_@babel+core@7.29.0_webpack@5.78.0_@swc+core@1.3.96_postcss@8.5.14_/node_modules/babel-loader/lib/index.js):\nSyntaxError: /src/pages/recipes/index.tsx: Missing initializer in const declaration. (174:5)\n\n  172 |       late: '💡 夜班后期，注意补充营养，坚持就是胜利',\n  173 |       pre_sleep: '💡 即将下班，选择助眠食物，帮助你更好地休息',\n> 174 |     };\n      |      ^\n  175 |     return tips[activeStage];\n  176 |   };\n  177 |","timestamp":1781616024320}]}
[21:41:59.286] File change detected. Updating...
[21:41:59.298] readProjectFiles, Found 56 files to read.
[21:41:59.312] Files read. Count: 56
[21:41:59.312] Calling pai.updateCloudDev...
[21:41:59.314] [PAI SDK] cloudServer.update called, appId: pai-preview-trae-58758a56
[21:41:59.430] [PAI SDK] Received event: reload {"url":"aipa://pai-preview-trae-58758a56.aipa-cloud.bytedance.net?type=pai","timestamp":1781617319553}
[21:41:59.430] [PAI SDK] CloudServer received reload event: {"url":"aipa://pai-preview-trae-58758a56.aipa-cloud.bytedance.net?type=pai","timestamp":1781617319553}
[21:41:59.430] [PAI SDK] reload, url = https://sd62opo6oqou1ckhsuo00.apigateway-cn-beijing.volceapi.com/?faasInstanceName=vefaas-f0vkicge-pyw70jixna-d8okr18290l50k93s9jg-sandbox&hash=pai-preview-trae-58758a56
[21:41:59.431] [PAI SDK] cloudServer.update response: {
  "status": "running",
  "reload": false,
  "hash": "pai-preview-trae-58758a56"
}
[21:41:59.431] Update success (pai.updateCloudDev returned)
[21:41:59.602] [PAI SDK] Received event: log {"content":"<i> [webpack-dev-middleware] wait until bundle finished: /\n","timestamp":1781617319725}
[21:42:01.110] [PAI SDK] Received event: log {"content":"🙅   编译失败. 6/16/2026, 9:42:01 PM\n\n","timestamp":1781617321232}
[21:42:01.135] [PAI SDK] Received event: compile_error [{"filename":"","lineNumber":0,"description":"ERROR in ./src/pages/recipes/index.tsx\nModule build failed (from ../../../var/cache/aipa-dev-server/prewarm/taro/a1bbf427d8f435dfb115d5256b2475a3/node_modules/.pnpm/babel-loader@8.2.1_@babel+core@7.29.0_webpack@5.78.0_@swc+core@1.3.96_postcss@8.5.14_/node_modules/babel-loader/lib/index.js):\nSyntaxError: /src/pages/recipes/index.tsx: Missing initializer in const declaration. (174:5)\n\n  172 |       late: '💡 夜班后期，注意补充营养，坚持就是胜利',\n  173 |       pre_sleep: '💡 即将下班，选择助眠食物，帮助你更好地休息',\n> 174 |     };\n      |      ^\n  175 |     return tips[activeStage];\n  176 |   };\n  177 |","timestamp":1781617321258}]
[21:42:27.018] File change detected. Updating...
[21:42:27.021] readProjectFiles, Found 56 files to read.
[21:42:27.032] Files read. Count: 56
[21:42:27.033] Calling pai.updateCloudDev...
[21:42:27.033] [PAI SDK] cloudServer.update called, appId: pai-preview-trae-58758a56
[21:42:27.110] [PAI SDK] Received event: reload {"url":"aipa://pai-preview-trae-58758a56.aipa-cloud.bytedance.net?type=pai","timestamp":1781617347234}
[21:42:27.110] [PAI SDK] CloudServer received reload event: {"url":"aipa://pai-preview-trae-58758a56.aipa-cloud.bytedance.net?type=pai","timestamp":1781617347234}
[21:42:27.110] [PAI SDK] reload, url = https://sd62opo6oqou1ckhsuo00.apigateway-cn-beijing.volceapi.com/?faasInstanceName=vefaas-f0vkicge-pyw70jixna-d8okr18290l50k93s9jg-sandbox&hash=pai-preview-trae-58758a56
[21:42:27.110] [PAI SDK] cloudServer.update response: {
  "status": "running",
  "reload": false,
  "hash": "pai-preview-trae-58758a56"
}
[21:42:27.110] Update success (pai.updateCloudDev returned)
[21:42:27.278] [PAI SDK] Received event: log {"content":"<i> [webpack-dev-middleware] wait until bundle finished: /\n","timestamp":1781617347402}
[21:42:28.788] [PAI SDK] Received event: log {"content":"🙅   编译失败. 6/16/2026, 9:42:28 PM\n\n","timestamp":1781617348911}
[21:42:28.821] [PAI SDK] Received event: compile_error [{"filename":"","lineNumber":0,"description":"ERROR in ./src/pages/recipes/index.tsx\nModule build failed (from ../../../var/cache/aipa-dev-server/prewarm/taro/a1bbf427d8f435dfb115d5256b2475a3/node_modules/.pnpm/babel-loader@8.2.1_@babel+core@7.29.0_webpack@5.78.0_@swc+core@1.3.96_postcss@8.5.14_/node_modules/babel-loader/lib/index.js):\nSyntaxError: /src/pages/recipes/index.tsx: Missing initializer in const declaration. (178:5)\n\n  176 |       late: '💡 夜班后期，注意补充营养，坚持就是胜利',\n  177 |       pre_sleep: '💡 即将下班，选择助眠食物，帮助你更好地休息',\n> 178 |     };\n      |      ^\n  179 |     return tips[activeStage];\n  180 |   };\n  181 |","timestamp":1781617348944}]
[21:43:39.457] File change detected. Updating...
[21:43:39.462] readProjectFiles, Found 56 files to read.
[21:43:39.474] Files read. Count: 56
[21:43:39.474] Calling pai.updateCloudDev...
[21:43:39.475] [PAI SDK] cloudServer.update called, appId: pai-preview-trae-58758a56
[21:43:39.550] [PAI SDK] Received event: reload {"url":"aipa://pai-preview-trae-58758a56.aipa-cloud.bytedance.net?type=pai","timestamp":1781617419674}
[21:43:39.550] [PAI SDK] CloudServer received reload event: {"url":"aipa://pai-preview-trae-58758a56.aipa-cloud.bytedance.net?type=pai","timestamp":1781617419674}
[21:43:39.550] [PAI SDK] reload, url = https://sd62opo6oqou1ckhsuo00.apigateway-cn-beijing.volceapi.com/?faasInstanceName=vefaas-f0vkicge-pyw70jixna-d8okr18290l50k93s9jg-sandbox&hash=pai-preview-trae-58758a56
[21:43:39.550] [PAI SDK] cloudServer.update response: {
  "status": "running",
  "reload": false,
  "hash": "pai-preview-trae-58758a56"
}
[21:43:39.551] Update success (pai.updateCloudDev returned)
[21:43:39.696] [PAI SDK] Received event: log {"content":"<i> [webpack-dev-middleware] wait until bundle finished: /\n","timestamp":1781617419820}
[21:43:40.995] [PAI SDK] Received event: log {"content":"🙅   编译失败. 6/16/2026, 9:43:41 PM\n\n","timestamp":1781617421119}
[21:43:41.016] [PAI SDK] Received event: compile_error [{"filename":"","lineNumber":0,"description":"ERROR in ./src/pages/recipes/index.tsx\nModule build failed (from ../../../var/cache/aipa-dev-server/prewarm/taro/a1bbf427d8f435dfb115d5256b2475a3/node_modules/.pnpm/babel-loader@8.2.1_@babel+core@7.29.0_webpack@5.78.0_@swc+core@1.3.96_postcss@8.5.14_/node_modules/babel-loader/lib/index.js):\nSyntaxError: /src/pages/recipes/index.tsx: Missing initializer in const declaration. (186:5)\n\n  184 |       late: '💡 夜班后期，注意补充营养，坚持就是胜利',\n  185 |       pre_sleep: '💡 即将下班，选择助眠食物，帮助你更好地休息',\n> 186 |     };\n      |      ^\n  187 |     return tips[activeStage];\n  188 |   };\n  189 |","timestamp":1781617421137}]
[21:44:13.191] File change detected. Updating...
[21:44:13.195] readProjectFiles, Found 56 files to read.
[21:44:13.207] Files read. Count: 56
[21:44:13.208] Calling pai.updateCloudDev...
[21:44:13.208] [PAI SDK] cloudServer.update called, appId: pai-preview-trae-58758a56
[21:44:13.283] [PAI SDK] Received event: reload {"url":"aipa://pai-preview-trae-58758a56.aipa-cloud.bytedance.net?type=pai","timestamp":1781617453407}
[21:44:13.283] [PAI SDK] CloudServer received reload event: {"url":"aipa://pai-preview-trae-58758a56.aipa-cloud.bytedance.net?type=pai","timestamp":1781617453407}
[21:44:13.283] [PAI SDK] reload, url = https://sd62opo6oqou1ckhsuo00.apigateway-cn-beijing.volceapi.com/?faasInstanceName=vefaas-f0vkicge-pyw70jixna-d8okr18290l50k93s9jg-sandbox&hash=pai-preview-trae-58758a56
[21:44:13.284] [PAI SDK] cloudServer.update response: {
  "status": "running",
  "reload": false,
  "hash": "pai-preview-trae-58758a56"
}
[21:44:13.284] Update success (pai.updateCloudDev returned)
[21:44:13.430] [PAI SDK] Received event: log {"content":"<i> [webpack-dev-middleware] wait until bundle finished: /\n","timestamp":1781617453553}
[21:44:14.613] [PAI SDK] Received event: log {"content":"🙅   编译失败. 6/16/2026, 9:44:14 PM\n\n","timestamp":1781617454738}
[21:44:14.636] [PAI SDK] Received event: compile_error [{"filename":"","lineNumber":0,"description":"ERROR in ./src/pages/recipes/index.tsx\nModule build failed (from ../../../var/cache/aipa-dev-server/prewarm/taro/a1bbf427d8f435dfb115d5256b2475a3/node_modules/.pnpm/babel-loader@8.2.1_@babel+core@7.29.0_webpack@5.78.0_@swc+core@1.3.96_postcss@8.5.14_/node_modules/babel-loader/lib/index.js):\nSyntaxError: /src/pages/recipes/index.tsx: Missing initializer in const declaration. (212:5)\n\n  210 |       late: '💡 夜班后期，注意补充营养，坚持就是胜利',\n  211 |       pre_sleep: '💡 即将下班，选择助眠食物，帮助你更好地休息',\n> 212 |     };\n      |      ^\n  213 |     return tips[activeStage];\n  214 |   };\n  215 |","timestamp":1781617454757}]
[21:44:32.817] File change detected. Updating...
[21:44:32.822] readProjectFiles, Found 56 files to read.
[21:44:32.835] Files read. Count: 56
[21:44:32.835] Calling pai.updateCloudDev...
[21:44:32.836] [PAI SDK] cloudServer.update called, appId: pai-preview-trae-58758a56
[21:44:32.911] [PAI SDK] Received event: reload {"url":"aipa://pai-preview-trae-58758a56.aipa-cloud.bytedance.net?type=pai","timestamp":1781617473036}
[21:44:32.912] [PAI SDK] CloudServer received reload event: {"url":"aipa://pai-preview-trae-58758a56.aipa-cloud.bytedance.net?type=pai","timestamp":1781617473036}
[21:44:32.913] [PAI SDK] reload, url = https://sd62opo6oqou1ckhsuo00.apigateway-cn-beijing.volceapi.com/?faasInstanceName=vefaas-f0vkicge-pyw70jixna-d8okr18290l50k93s9jg-sandbox&hash=pai-preview-trae-58758a56
[21:44:32.913] [PAI SDK] cloudServer.update response: {
  "status": "running",
  "reload": false,
  "hash": "pai-preview-trae-58758a56"
}
[21:44:32.913] Update success (pai.updateCloudDev returned)
[21:44:33.059] [PAI SDK] Received event: log {"content":"<i> [webpack-dev-middleware] wait until bundle finished: /\n","timestamp":1781617473183}
[21:44:35.335] [PAI SDK] Received event: log {"content":"⚠️  编译警告. 6/16/2026, 9:44:35 PM\n\n","timestamp":1781617475460}
[21:44:57.290] File change detected. Updating...
[21:44:57.294] readProjectFiles, Found 56 files to read.
[21:44:57.310] Files read. Count: 56
[21:44:57.310] Calling pai.updateCloudDev...
[21:44:57.311] [PAI SDK] cloudServer.update called, appId: pai-preview-trae-58758a56
[21:44:57.399] [PAI SDK] Received event: reload {"url":"aipa://pai-preview-trae-58758a56.aipa-cloud.bytedance.net?type=pai","timestamp":1781617497522}
[21:44:57.399] [PAI SDK] CloudServer received reload event: {"url":"aipa://pai-preview-trae-58758a56.aipa-cloud.bytedance.net?type=pai","timestamp":1781617497522}
[21:44:57.399] [PAI SDK] reload, url = https://sd62opo6oqou1ckhsuo00.apigateway-cn-beijing.volceapi.com/?faasInstanceName=vefaas-f0vkicge-pyw70jixna-d8okr18290l50k93s9jg-sandbox&hash=pai-preview-trae-58758a56
[21:44:57.400] [PAI SDK] cloudServer.update response: {
  "status": "running",
  "reload": false,
  "hash": "pai-preview-trae-58758a56"
}
[21:44:57.400] Update success (pai.updateCloudDev returned)
[21:44:57.551] [PAI SDK] Received event: log {"content":"<i> [webpack-dev-middleware] wait until bundle finished: /\n","timestamp":1781617497676}
[21:44:58.686] [PAI SDK] Received event: log {"content":"⚠️  编译警告. 6/16/2026, 9:44:58 PM\n\n","timestamp":1781617498810}
[21:45:19.706] File change detected. Updating...
[21:45:19.709] readProjectFiles, Found 56 files to read.
[21:45:19.719] Files read. Count: 56
[21:45:19.719] Calling pai.updateCloudDev...
[21:45:19.719] [PAI SDK] cloudServer.update called, appId: pai-preview-trae-58758a56
[21:45:19.792] [PAI SDK] Received event: reload {"url":"aipa://pai-preview-trae-58758a56.aipa-cloud.bytedance.net?type=pai","timestamp":1781617519917}
[21:45:19.793] [PAI SDK] CloudServer received reload event: {"url":"aipa://pai-preview-trae-58758a56.aipa-cloud.bytedance.net?type=pai","timestamp":1781617519917}
[21:45:19.793] [PAI SDK] reload, url = https://sd62opo6oqou1ckhsuo00.apigateway-cn-beijing.volceapi.com/?faasInstanceName=vefaas-f0vkicge-pyw70jixna-d8okr18290l50k93s9jg-sandbox&hash=pai-preview-trae-58758a56
[21:45:19.793] [PAI SDK] cloudServer.update response: {
  "status": "running",
  "reload": false,
  "hash": "pai-preview-trae-58758a56"
}
[21:45:19.793] Update success (pai.updateCloudDev returned)
[21:45:19.935] [PAI SDK] Received event: log {"content":"<i> [webpack-dev-middleware] wait until bundle finished: /\n","timestamp":1781617520059}
[21:45:21.080] [PAI SDK] Received event: log {"content":"⚠️  编译警告. 6/16/2026, 9:45:21 PM\n\n","timestamp":1781617521204}
[21:46:05.467] [Preview Server] Frontend disconnected, clients size = 1
[21:46:05.587] [Preview Server] Frontend connected, clients size = 1
[21:46:05.587] Sending cached status to new connection, lastStatusMessage = {"event":"status_change","message":{"url":"https://sd62opo6oqou1ckhsuo00.apigateway-cn-beijing.volceapi.com/?faasInstanceName=vefaas-f0vkicge-pyw70jixna-d8okr18290l50k93s9jg-sandbox&hash=pai-preview-trae-58758a56","schema":"aipa://preview?type=pai&aipa_id=pai-preview-trae-58758a56&uuid=d2c33926-04e5-493f-bd97-d5bfcfe5ef36","status":"running","framework":"taro"}}
[21:59:31.703] File change detected. Updating...
[21:59:31.726] readProjectFiles, Found 56 files to read.
[21:59:31.745] Files read. Count: 56
[21:59:31.746] Calling pai.updateCloudDev...
[21:59:31.751] [PAI SDK] cloudServer.update called, appId: pai-preview-trae-58758a56
[21:59:31.829] [PAI SDK] Received event: reload {"url":"aipa://pai-preview-trae-58758a56.aipa-cloud.bytedance.net?type=pai","timestamp":1781618371988}
[21:59:31.829] [PAI SDK] CloudServer received reload event: {"url":"aipa://pai-preview-trae-58758a56.aipa-cloud.bytedance.net?type=pai","timestamp":1781618371988}
[21:59:31.829] [PAI SDK] reload, url = https://sd62opo6oqou1ckhsuo00.apigateway-cn-beijing.volceapi.com/?faasInstanceName=vefaas-f0vkicge-pyw70jixna-d8okr18290l50k93s9jg-sandbox&hash=pai-preview-trae-58758a56
[21:59:31.830] [PAI SDK] cloudServer.update response: {
  "status": "running",
  "reload": false,
  "hash": "pai-preview-trae-58758a56"
}
[21:59:31.830] Update success (pai.updateCloudDev returned)
[21:59:32.008] [PAI SDK] Received event: log {"content":"<i> [webpack-dev-middleware] wait until bundle finished: /\n","timestamp":1781618372167}
[21:59:33.345] [PAI SDK] Received event: log {"content":"⚠️  编译警告. 6/16/2026, 9:59:33 PM\n\n","timestamp":1781618373503}
[21:59:44.704] File change detected. Updating...
[21:59:44.706] readProjectFiles, Found 56 files to read.
[21:59:44.719] Files read. Count: 56
[21:59:44.719] Calling pai.updateCloudDev...
[21:59:44.720] [PAI SDK] cloudServer.update called, appId: pai-preview-trae-58758a56
[21:59:44.798] [PAI SDK] Received event: reload {"url":"aipa://pai-preview-trae-58758a56.aipa-cloud.bytedance.net?type=pai","timestamp":1781618384957}
[21:59:44.798] [PAI SDK] CloudServer received reload event: {"url":"aipa://pai-preview-trae-58758a56.aipa-cloud.bytedance.net?type=pai","timestamp":1781618384957}
[21:59:44.798] [PAI SDK] reload, url = https://sd62opo6oqou1ckhsuo00.apigateway-cn-beijing.volceapi.com/?faasInstanceName=vefaas-f0vkicge-pyw70jixna-d8okr18290l50k93s9jg-sandbox&hash=pai-preview-trae-58758a56
[21:59:44.799] [PAI SDK] cloudServer.update response: {
  "status": "running",
  "reload": false,
  "hash": "pai-preview-trae-58758a56"
}
[21:59:44.799] Update success (pai.updateCloudDev returned)
[21:59:44.983] [PAI SDK] Received event: log {"content":"<i> [webpack-dev-middleware] wait until bundle finished: /\n","timestamp":1781618385141}
[21:59:46.127] [PAI SDK] Received event: log {"content":"⚠️  编译警告. 6/16/2026, 9:59:46 PM\n\n","timestamp":1781618386285}
[22:00:08.681] File change detected. Updating...
[22:00:08.687] readProjectFiles, Found 56 files to read.
[22:00:08.699] Files read. Count: 56
[22:00:08.699] Calling pai.updateCloudDev...
[22:00:08.699] [PAI SDK] cloudServer.update called, appId: pai-preview-trae-58758a56
[22:00:08.774] [PAI SDK] Received event: reload {"url":"aipa://pai-preview-trae-58758a56.aipa-cloud.bytedance.net?type=pai","timestamp":1781618408933}
[22:00:08.774] [PAI SDK] CloudServer received reload event: {"url":"aipa://pai-preview-trae-58758a56.aipa-cloud.bytedance.net?type=pai","timestamp":1781618408933}
[22:00:08.774] [PAI SDK] reload, url = https://sd62opo6oqou1ckhsuo00.apigateway-cn-beijing.volceapi.com/?faasInstanceName=vefaas-f0vkicge-pyw70jixna-d8okr18290l50k93s9jg-sandbox&hash=pai-preview-trae-58758a56
[22:00:08.774] [PAI SDK] cloudServer.update response: {
  "status": "running",
  "reload": false,
  "hash": "pai-preview-trae-58758a56"
}
[22:00:08.775] Update success (pai.updateCloudDev returned)
[22:00:08.929] [PAI SDK] Received event: log {"content":"<i> [webpack-dev-middleware] wait until bundle finished: /\n","timestamp":1781618409087}
[22:00:10.740] [PAI SDK] Received event: log {"content":"⚠️  编译警告. 6/16/2026, 10:00:10 PM\n\n","timestamp":1781618410899}
[22:00:44.169] File change detected. Updating...
[22:00:44.179] readProjectFiles, Found 56 files to read.
[22:00:44.202] Files read. Count: 56
[22:00:44.202] Calling pai.updateCloudDev...
[22:00:44.206] [PAI SDK] cloudServer.update called, appId: pai-preview-trae-58758a56
[22:00:44.283] [PAI SDK] Received event: reload {"url":"aipa://pai-preview-trae-58758a56.aipa-cloud.bytedance.net?type=pai","timestamp":1781618444442}
[22:00:44.283] [PAI SDK] CloudServer received reload event: {"url":"aipa://pai-preview-trae-58758a56.aipa-cloud.bytedance.net?type=pai","timestamp":1781618444442}
[22:00:44.283] [PAI SDK] reload, url = https://sd62opo6oqou1ckhsuo00.apigateway-cn-beijing.volceapi.com/?faasInstanceName=vefaas-f0vkicge-pyw70jixna-d8okr18290l50k93s9jg-sandbox&hash=pai-preview-trae-58758a56
[22:00:44.283] [PAI SDK] cloudServer.update response: {
  "status": "running",
  "reload": false,
  "hash": "pai-preview-trae-58758a56"
}
[22:00:44.284] Update success (pai.updateCloudDev returned)
[22:00:44.452] [PAI SDK] Received event: log {"content":"<i> [webpack-dev-middleware] wait until bundle finished: /\n","timestamp":1781618444611}
[22:00:46.391] [PAI SDK] Received event: log {"content":"⚠️  编译警告. 6/16/2026, 10:00:46 PM\n\n","timestamp":1781618446546}
[22:01:13.137] File change detected. Updating...
[22:01:13.142] readProjectFiles, Found 56 files to read.
[22:01:13.157] Files read. Count: 56
[22:01:13.157] Calling pai.updateCloudDev...
[22:01:13.158] [PAI SDK] cloudServer.update called, appId: pai-preview-trae-58758a56
[22:01:13.232] [PAI SDK] Received event: reload {"url":"aipa://pai-preview-trae-58758a56.aipa-cloud.bytedance.net?type=pai","timestamp":1781618473392}
[22:01:13.233] [PAI SDK] CloudServer received reload event: {"url":"aipa://pai-preview-trae-58758a56.aipa-cloud.bytedance.net?type=pai","timestamp":1781618473392}
[22:01:13.233] [PAI SDK] reload, url = https://sd62opo6oqou1ckhsuo00.apigateway-cn-beijing.volceapi.com/?faasInstanceName=vefaas-f0vkicge-pyw70jixna-d8okr18290l50k93s9jg-sandbox&hash=pai-preview-trae-58758a56
[22:01:13.233] [PAI SDK] cloudServer.update response: {
  "status": "running",
  "reload": false,
  "hash": "pai-preview-trae-58758a56"
}
[22:01:13.234] Update success (pai.updateCloudDev returned)
[22:01:13.396] [PAI SDK] Received event: log {"content":"<i> [webpack-dev-middleware] wait until bundle finished: /\n","timestamp":1781618473556}
[22:01:14.498] [PAI SDK] Received event: log {"content":"⚠️  编译警告. 6/16/2026, 10:01:14 PM\n\n","timestamp":1781618474657}
[22:01:35.088] File change detected. Updating...
[22:01:35.092] readProjectFiles, Found 56 files to read.
[22:01:35.152] Files read. Count: 56
[22:01:35.153] Calling pai.updateCloudDev...
[22:01:35.153] [PAI SDK] cloudServer.update called, appId: pai-preview-trae-58758a56
[22:01:35.228] [PAI SDK] Received event: reload {"url":"aipa://pai-preview-trae-58758a56.aipa-cloud.bytedance.net?type=pai","timestamp":1781618495389}
[22:01:35.229] [PAI SDK] CloudServer received reload event: {"url":"aipa://pai-preview-trae-58758a56.aipa-cloud.bytedance.net?type=pai","timestamp":1781618495389}
[22:01:35.229] [PAI SDK] reload, url = https://sd62opo6oqou1ckhsuo00.apigateway-cn-beijing.volceapi.com/?faasInstanceName=vefaas-f0vkicge-pyw70jixna-d8okr18290l50k93s9jg-sandbox&hash=pai-preview-trae-58758a56
[22:01:35.229] [PAI SDK] cloudServer.update response: {
  "status": "running",
  "reload": false,
  "hash": "pai-preview-trae-58758a56"
}
[22:01:35.229] Update success (pai.updateCloudDev returned)
[22:01:36.648] [PAI SDK] Received event: log {"content":"⚠️  编译警告. 6/16/2026, 10:01:36 PM\n\n","timestamp":1781618496808}
[22:02:21.885] File change detected. Updating...
[22:02:21.889] readProjectFiles, Found 56 files to read.
[22:02:21.902] Files read. Count: 56
[22:02:21.902] Calling pai.updateCloudDev...
[22:02:21.902] [PAI SDK] cloudServer.update called, appId: pai-preview-trae-58758a56
[22:02:21.981] [PAI SDK] Received event: reload {"url":"aipa://pai-preview-trae-58758a56.aipa-cloud.bytedance.net?type=pai","timestamp":1781618542141}
[22:02:21.981] [PAI SDK] CloudServer received reload event: {"url":"aipa://pai-preview-trae-58758a56.aipa-cloud.bytedance.net?type=pai","timestamp":1781618542141}
[22:02:21.981] [PAI SDK] reload, url = https://sd62opo6oqou1ckhsuo00.apigateway-cn-beijing.volceapi.com/?faasInstanceName=vefaas-f0vkicge-pyw70jixna-d8okr18290l50k93s9jg-sandbox&hash=pai-preview-trae-58758a56
[22:02:21.981] [PAI SDK] cloudServer.update response: {
  "status": "running",
  "reload": false,
  "hash": "pai-preview-trae-58758a56"
}
[22:02:21.981] Update success (pai.updateCloudDev returned)
[22:02:22.151] [PAI SDK] Received event: log {"content":"<i> [webpack-dev-middleware] wait until bundle finished: /\n","timestamp":1781618542311}
[22:02:24.144] [PAI SDK] Received event: log {"content":"⚠️  编译警告. 6/16/2026, 10:02:24 PM\n\n","timestamp":1781618544305}
[22:03:26.284] File change detected. Updating...
[22:03:26.294] readProjectFiles, Found 56 files to read.
[22:03:26.378] Files read. Count: 56
[22:03:26.380] Calling pai.updateCloudDev...
[22:03:26.394] [PAI SDK] cloudServer.update called, appId: pai-preview-trae-58758a56
[22:03:26.477] [PAI SDK] Received event: reload {"url":"aipa://pai-preview-trae-58758a56.aipa-cloud.bytedance.net?type=pai","timestamp":1781618606638}
[22:03:26.477] [PAI SDK] CloudServer received reload event: {"url":"aipa://pai-preview-trae-58758a56.aipa-cloud.bytedance.net?type=pai","timestamp":1781618606638}
[22:03:26.477] [PAI SDK] reload, url = https://sd62opo6oqou1ckhsuo00.apigateway-cn-beijing.volceapi.com/?faasInstanceName=vefaas-f0vkicge-pyw70jixna-d8okr18290l50k93s9jg-sandbox&hash=pai-preview-trae-58758a56
[22:03:26.478] [PAI SDK] cloudServer.update response: {
  "status": "running",
  "reload": false,
  "hash": "pai-preview-trae-58758a56"
}
[22:03:26.478] Update success (pai.updateCloudDev returned)
[22:03:26.695] [PAI SDK] Received event: log {"content":"<i> [webpack-dev-middleware] wait until bundle finished: /\n","timestamp":1781618606856}
[22:03:28.335] [PAI SDK] Received event: log {"content":"⚠️  编译警告. 6/16/2026, 10:03:28 PM\n\n","timestamp":1781618608496}
[22:19:11.125] Lock file missing or invalid. Exiting...
[22:19:11.141] Shutting down...
[22:19:11.142] Stopping Cloud Dev...
[22:19:11.165] File change detected. Updating...
[22:19:11.172] readProjectFiles, Found 0 files to read.
[22:19:11.172] Files read. Count: 0
[22:19:11.172] Calling pai.updateCloudDev...
[22:19:11.173] [PAI SDK] cloudServer.update called, appId: pai-preview-trae-58758a56
[22:19:11.301] [PAI SDK] Received event: server_exit_abnormal {"content":"Cloud Server exited with code -1","timestamp":1781619551419}
[22:19:11.302] [PAI SDK] Server exited abnormally, cleaning up...
